Temp/gradleOut/launcher/build/intermediates/manifest_merge_blame_file/debug/manifest-merger-blame-debug-report.txt
1<?xml version="1.0" encoding="utf-8"?>
2<!-- GENERATED BY UNITY. REMOVE THIS COMMENT TO PREVENT OVERWRITING WHEN EXPORTING AGAIN -->
3<manifest xmlns:android="http://schemas.android.com/apk/res/android"
4    package="com.uhasselt.edm.ShootTheTarget"
5    android:installLocation="auto"
6    android:versionCode="1"
7    android:versionName="1.8" >
8
9    <uses-sdk
10        android:minSdkVersion="23"
10-->src\main\AndroidManifest.xml
11        android:targetSdkVersion="30" />
11-->src\main\AndroidManifest.xml
12
13    <supports-screens
13-->src\main\AndroidManifest.xml:4:3-163
14        android:anyDensity="true"
14-->src\main\AndroidManifest.xml:4:135-160
15        android:largeScreens="true"
15-->src\main\AndroidManifest.xml:4:78-105
16        android:normalScreens="true"
16-->src\main\AndroidManifest.xml:4:49-77
17        android:smallScreens="true"
17-->src\main\AndroidManifest.xml:4:21-48
18        android:xlargeScreens="true" />
18-->src\main\AndroidManifest.xml:4:106-134
19
20    <uses-feature android:glEsVersion="0x00030000" />
20-->[:unityLibrary] AndroidManifest.xml:13:5-54
20-->[:unityLibrary] AndroidManifest.xml:13:19-51
21
22    <uses-permission android:name="android.permission.INTERNET" />
22-->[:unityLibrary] AndroidManifest.xml:15:5-67
22-->[:unityLibrary] AndroidManifest.xml:15:22-64
23    <uses-permission android:name="android.permission.RECORD_AUDIO" />
23-->[:unityLibrary] AndroidManifest.xml:16:5-71
23-->[:unityLibrary] AndroidManifest.xml:16:22-68
24    <uses-permission android:name="android.permission.MODIFY_AUDIO_SETTINGS" />
24-->[:unityLibrary] AndroidManifest.xml:17:5-80
24-->[:unityLibrary] AndroidManifest.xml:17:22-77
25    <uses-permission android:name="android.permission.BLUETOOTH" />
25-->[:unityLibrary] AndroidManifest.xml:18:5-68
25-->[:unityLibrary] AndroidManifest.xml:18:22-65
26
27    <uses-feature
27-->[:unityLibrary] AndroidManifest.xml:20:5-22:36
28        android:name="android.hardware.microphone"
28-->[:unityLibrary] AndroidManifest.xml:21:9-51
29        android:required="false" />
29-->[:unityLibrary] AndroidManifest.xml:22:9-33
30    <uses-feature
30-->[:unityLibrary] AndroidManifest.xml:23:5-25:36
31        android:name="android.hardware.touchscreen"
31-->[:unityLibrary] AndroidManifest.xml:24:9-52
32        android:required="false" />
32-->[:unityLibrary] AndroidManifest.xml:25:9-33
33    <uses-feature
33-->[:unityLibrary] AndroidManifest.xml:26:5-28:36
34        android:name="android.hardware.touchscreen.multitouch"
34-->[:unityLibrary] AndroidManifest.xml:27:9-63
35        android:required="false" />
35-->[:unityLibrary] AndroidManifest.xml:28:9-33
36    <uses-feature
36-->[:unityLibrary] AndroidManifest.xml:29:5-31:36
37        android:name="android.hardware.touchscreen.multitouch.distinct"
37-->[:unityLibrary] AndroidManifest.xml:30:9-72
38        android:required="false" />
38-->[:unityLibrary] AndroidManifest.xml:31:9-33
39    <uses-feature
39-->[:unityLibrary] AndroidManifest.xml:32:5-35:31
40        android:name="android.hardware.vr.headtracking"
40-->[:unityLibrary] AndroidManifest.xml:33:9-56
41        android:required="true"
41-->[:unityLibrary] AndroidManifest.xml:34:9-32
42        android:version="1" />
42-->[:unityLibrary] AndroidManifest.xml:35:9-28
43    <uses-feature
43-->[:unityLibrary] AndroidManifest.xml:36:5-38:36
44        android:name="oculus.software.handtracking"
44-->[:unityLibrary] AndroidManifest.xml:37:9-52
45        android:required="false" />
45-->[:unityLibrary] AndroidManifest.xml:38:9-33
46
47    <uses-permission android:name="com.oculus.permission.HAND_TRACKING" />
47-->[:unityLibrary] AndroidManifest.xml:40:5-75
47-->[:unityLibrary] AndroidManifest.xml:40:22-72
48
49    <uses-feature android:name="com.oculus.feature.RENDER_MODEL" />
49-->[:unityLibrary] AndroidManifest.xml:42:5-68
49-->[:unityLibrary] AndroidManifest.xml:42:19-65
50
51    <uses-permission android:name="com.oculus.permission.RENDER_MODEL" />
51-->[:unityLibrary] AndroidManifest.xml:44:5-74
51-->[:unityLibrary] AndroidManifest.xml:44:22-71
52
53    <application
53-->src\main\AndroidManifest.xml:5:3-116
54        android:allowBackup="false"
54-->[:unityLibrary] AndroidManifest.xml:47:9-36
55        android:debuggable="true"
56        android:extractNativeLibs="true"
56-->src\main\AndroidManifest.xml:5:16-48
57        android:icon="@mipmap/app_icon"
57-->src\main\AndroidManifest.xml:5:82-113
58        android:label="@string/app_name"
58-->src\main\AndroidManifest.xml:5:49-81
59        android:networkSecurityConfig="@xml/network_sec_config" >
59-->[:unityLibrary] AndroidManifest.xml:50:9-64
60        <activity
60-->[:unityLibrary] AndroidManifest.xml:51:9-75:20
61            android:name="com.unity3d.player.UnityPlayerActivity"
61-->[:unityLibrary] AndroidManifest.xml:52:13-66
62            android:configChanges="mcc|mnc|locale|touchscreen|keyboard|keyboardHidden|navigation|orientation|screenLayout|uiMode|screenSize|smallestScreenSize|fontScale|layoutDirection|density"
62-->[:unityLibrary] AndroidManifest.xml:53:13-194
63            android:hardwareAccelerated="false"
63-->[:unityLibrary] AndroidManifest.xml:54:13-48
64            android:launchMode="singleTask"
64-->[:unityLibrary] AndroidManifest.xml:55:13-44
65            android:resizeableActivity="false"
65-->[:unityLibrary] AndroidManifest.xml:56:13-47
66            android:screenOrientation="landscape"
66-->[:unityLibrary] AndroidManifest.xml:57:13-50
67            android:theme="@style/UnityThemeSelector" >
67-->[:unityLibrary] AndroidManifest.xml:58:13-54
68            <intent-filter>
68-->[:unityLibrary] AndroidManifest.xml:59:13-64:29
69                <action android:name="android.intent.action.MAIN" />
69-->[:unityLibrary] AndroidManifest.xml:60:17-69
69-->[:unityLibrary] AndroidManifest.xml:60:25-66
70
71                <category android:name="android.intent.category.LAUNCHER" />
71-->[:unityLibrary] AndroidManifest.xml:62:17-77
71-->[:unityLibrary] AndroidManifest.xml:62:27-74
72                <category android:name="com.oculus.intent.category.VR" />
72-->[:unityLibrary] AndroidManifest.xml:63:17-74
72-->[:unityLibrary] AndroidManifest.xml:63:27-71
73            </intent-filter>
74
75            <meta-data
75-->[:unityLibrary] AndroidManifest.xml:66:13-68:40
76                android:name="unityplayer.UnityActivity"
76-->[:unityLibrary] AndroidManifest.xml:67:17-57
77                android:value="true" />
77-->[:unityLibrary] AndroidManifest.xml:68:17-37
78            <meta-data
78-->[:unityLibrary] AndroidManifest.xml:69:13-71:40
79                android:name="android.notch_support"
79-->[:unityLibrary] AndroidManifest.xml:70:17-53
80                android:value="true" />
80-->[:unityLibrary] AndroidManifest.xml:71:17-37
81            <meta-data
81-->[:unityLibrary] AndroidManifest.xml:72:13-74:40
82                android:name="com.oculus.vr.focusaware"
82-->[:unityLibrary] AndroidManifest.xml:73:17-56
83                android:value="true" />
83-->[:unityLibrary] AndroidManifest.xml:74:17-37
84        </activity>
85
86        <meta-data
86-->[:unityLibrary] AndroidManifest.xml:77:9-79:33
87            android:name="unity.splash-mode"
87-->[:unityLibrary] AndroidManifest.xml:78:13-45
88            android:value="0" />
88-->[:unityLibrary] AndroidManifest.xml:79:13-30
89        <meta-data
89-->[:unityLibrary] AndroidManifest.xml:80:9-82:36
90            android:name="unity.splash-enable"
90-->[:unityLibrary] AndroidManifest.xml:81:13-47
91            android:value="True" />
91-->[:unityLibrary] AndroidManifest.xml:82:13-33
92        <meta-data
92-->[:unityLibrary] AndroidManifest.xml:83:9-85:37
93            android:name="unity.allow-resizable-window"
93-->[:unityLibrary] AndroidManifest.xml:84:13-56
94            android:value="False" />
94-->[:unityLibrary] AndroidManifest.xml:85:13-34
95        <meta-data
95-->[:unityLibrary] AndroidManifest.xml:86:9-88:50
96            android:name="notch.config"
96-->[:unityLibrary] AndroidManifest.xml:87:13-40
97            android:value="portrait|landscape" />
97-->[:unityLibrary] AndroidManifest.xml:88:13-47
98        <meta-data
98-->[:unityLibrary] AndroidManifest.xml:89:9-91:68
99            android:name="unity.build-id"
99-->[:unityLibrary] AndroidManifest.xml:90:13-42
100            android:value="fc128e4a-967c-4105-ae72-2b0b8f122dfb" />
100-->[:unityLibrary] AndroidManifest.xml:91:13-65
101        <meta-data
101-->[:unityLibrary] AndroidManifest.xml:92:9-94:44
102            android:name="com.oculus.supportedDevices"
102-->[:unityLibrary] AndroidManifest.xml:93:13-55
103            android:value="quest|quest2" />
103-->[:unityLibrary] AndroidManifest.xml:94:13-41
104        <meta-data
104-->[:unityLibrary] AndroidManifest.xml:95:9-97:36
105            android:name="com.oculus.handtracking.frequency"
105-->[:unityLibrary] AndroidManifest.xml:96:13-61
106            android:value="HIGH" />
106-->[:unityLibrary] AndroidManifest.xml:97:13-33
107        <meta-data
107-->[:unityLibrary] AndroidManifest.xml:98:9-100:36
108            android:name="com.oculus.handtracking.version"
108-->[:unityLibrary] AndroidManifest.xml:99:13-59
109            android:value="V2.0" />
109-->[:unityLibrary] AndroidManifest.xml:100:13-33
110    </application>
111
112</manifest>